#
# A fatal error has been detected by the Java Runtime Environment:
#
#  EXCEPTION_ACCESS_VIOLATION (0xc0000005) at pc=0x00007fffdecbb750, pid=4656, tid=1936
#
# JRE version: Java(TM) SE Runtime Environment (11.0.6+8) (build 11.0.6+8-LTS)
# Java VM: Java HotSpot(TM) 64-Bit Server VM (11.0.6+8-LTS, mixed mode, tiered, compressed oops, parallel gc, windows-amd64)
# Problematic frame:
# V  [jvm.dll+0x38b750]
#
# No core dump will be written. Minidumps are not enabled by default on client versions of Windows
#
# If you would like to submit a bug report, please visit:
#   http://bugreport.java.com/bugreport/crash.jsp
#

---------------  S U M M A R Y ------------

Command Line: --add-modules=ALL-SYSTEM --add-opens=java.base/java.util=ALL-UNNAMED --add-opens=java.base/java.lang=ALL-UNNAMED -Declipse.application=org.eclipse.jdt.ls.core.id1 -Dosgi.bundles.defaultStartLevel=4 -Declipse.product=org.eclipse.jdt.ls.core.product -Dfile.encoding=utf8 -DwatchParentProcess=false -XX:+UseParallelGC -XX:GCTimeRatio=4 -XX:AdaptiveSizePolicyWeight=90 -Dsun.zip.disableMemoryMapping=true -Xmx1G -Xms100m -Xverify:none c:\Users\leona\.vscode\extensions\redhat.java-0.79.2\server\plugins\org.eclipse.equinox.launcher_1.6.100.v20201223-0822.jar -configuration c:\Users\leona\AppData\Roaming\Code\User\globalStorage\redhat.java\0.79.2\config_ss_win -data c:\Users\leona\AppData\Roaming\Code\User\workspaceStorage\fb258df94d3d9dab48dbdb05ceae54f7\redhat.java\ss_ws

Host: Intel(R) Core(TM) i5-3330 CPU @ 3.00GHz, 4 cores, 11G,  Windows 10 , 64 bit Build 18362 (10.0.18362.1500)
Time: Sun May 30 15:58:49 2021 Hora oficial do Brasil elapsed time: 14 seconds (0d 0h 0m 14s)

---------------  T H R E A D  ---------------

Current thread (0x00000201ffb03000):  JavaThread "pool-1-thread-1" [_thread_in_vm, id=1936, stack(0x0000003b12900000,0x0000003b12a00000)]

Stack: [0x0000003b12900000,0x0000003b12a00000],  sp=0x0000003b129fd070,  free space=1012k
Native frames: (J=compiled Java code, j=interpreted, Vv=VM code, C=native code)
V  [jvm.dll+0x38b750]
C  0x00000201882bd657

Java frames: (J=compiled Java code, j=interpreted, Vv=VM code)
j  org.eclipse.jdt.internal.compiler.parser.Scanner.getNextToken0()I+93
j  org.eclipse.jdt.internal.compiler.parser.Scanner.getNextToken()I+47
j  org.eclipse.jdt.internal.compiler.parser.Parser.parse()V+332
j  org.eclipse.jdt.internal.compiler.parser.Parser.parse(Lorg/eclipse/jdt/internal/compiler/env/ICompilationUnit;Lorg/eclipse/jdt/internal/compiler/CompilationResult;II)Lorg/eclipse/jdt/internal/compiler/ast/CompilationUnitDeclaration;+178
j  org.eclipse.jdt.internal.compiler.parser.Parser.parse(Lorg/eclipse/jdt/internal/compiler/env/ICompilationUnit;Lorg/eclipse/jdt/internal/compiler/CompilationResult;)Lorg/eclipse/jdt/internal/compiler/ast/CompilationUnitDeclaration;+5
j  org.eclipse.jdt.internal.compiler.parser.Parser.dietParse(Lorg/eclipse/jdt/internal/compiler/env/ICompilationUnit;Lorg/eclipse/jdt/internal/compiler/CompilationResult;)Lorg/eclipse/jdt/internal/compiler/ast/CompilationUnitDeclaration;+25
j  org.eclipse.jdt.core.dom.CompilationUnitResolver.parse(Lorg/eclipse/jdt/internal/compiler/env/ICompilationUnit;Lorg/eclipse/jdt/core/dom/NodeSearcher;Ljava/util/Map;I)Lorg/eclipse/jdt/internal/compiler/ast/CompilationUnitDeclaration;+117
j  org.eclipse.jdt.core.dom.ASTParser.internalCreateAST(Lorg/eclipse/core/runtime/IProgressMonitor;)Lorg/eclipse/jdt/core/dom/ASTNode;+914
j  org.eclipse.jdt.core.dom.ASTParser.createAST(Lorg/eclipse/core/runtime/IProgressMonitor;)Lorg/eclipse/jdt/core/dom/ASTNode;+38
j  org.eclipse.jdt.ls.core.internal.JDTUtils.getPackageName(Lorg/eclipse/jdt/core/IJavaProject;Ljava/lang/String;)Ljava/lang/String;+36
j  org.eclipse.jdt.ls.core.internal.JDTUtils.getPackageName(Lorg/eclipse/jdt/core/IJavaProject;Ljava/net/URI;)Ljava/lang/String;+194
j  org.eclipse.jdt.ls.core.internal.managers.InvisibleProjectImporter.getPackageName(Lorg/eclipse/core/runtime/IPath;Lorg/eclipse/core/runtime/IPath;Lorg/eclipse/jdt/core/IJavaProject;[[Ljava/lang/String;)Ljava/lang/String;+60
j  org.eclipse.jdt.ls.core.internal.managers.InvisibleProjectImporter.getPackageName(Lorg/eclipse/core/runtime/IPath;Lorg/eclipse/core/runtime/IPath;[[Ljava/lang/String;)Ljava/lang/String;+32
j  org.eclipse.jdt.ls.core.internal.managers.InvisibleProjectImporter.tryResolveSourceDirectory(Lorg/eclipse/core/runtime/IPath;Lorg/eclipse/core/runtime/IPath;[[Ljava/lang/String;)Lorg/eclipse/core/runtime/IPath;+3
j  org.eclipse.jdt.ls.core.internal.syntaxserver.SyntaxDocumentLifeCycleHandler.tryUpdateClasspath(Lorg/eclipse/core/runtime/IPath;Lorg/eclipse/core/runtime/IPath;)Z+51
j  org.eclipse.jdt.ls.core.internal.syntaxserver.SyntaxDocumentLifeCycleHandler.resolveCompilationUnit(Ljava/lang/String;)Lorg/eclipse/jdt/core/ICompilationUnit;+82
j  org.eclipse.jdt.ls.core.internal.handlers.BaseDocumentLifeCycleHandler.handleOpen(Lorg/eclipse/lsp4j/DidOpenTextDocumentParams;)Lorg/eclipse/jdt/core/ICompilationUnit;+10
j  org.eclipse.jdt.ls.core.internal.handlers.BaseDocumentLifeCycleHandler$5.run(Lorg/eclipse/core/runtime/IProgressMonitor;)V+8
j  org.eclipse.core.internal.resources.Workspace.run(Lorg/eclipse/core/runtime/ICoreRunnable;Lorg/eclipse/core/runtime/jobs/ISchedulingRule;ILorg/eclipse/core/runtime/IProgressMonitor;)V+69
j  org.eclipse.core.internal.resources.Workspace.run(Lorg/eclipse/core/resources/IWorkspaceRunnable;Lorg/eclipse/core/runtime/jobs/ISchedulingRule;ILorg/eclipse/core/runtime/IProgressMonitor;)V+6
j  org.eclipse.jdt.ls.core.internal.handlers.BaseDocumentLifeCycleHandler.didOpen(Lorg/eclipse/lsp4j/DidOpenTextDocumentParams;)V+32
j  org.eclipse.jdt.ls.core.internal.syntaxserver.SyntaxLanguageServer.didOpen(Lorg/eclipse/lsp4j/DidOpenTextDocumentParams;)V+11
v  ~StubRoutines::call_stub
j  jdk.internal.reflect.NativeMethodAccessorImpl.invoke0(Ljava/lang/reflect/Method;Ljava/lang/Object;[Ljava/lang/Object;)Ljava/lang/Object;+0 java.base@11.0.6
j  jdk.internal.reflect.NativeMethodAccessorImpl.invoke(Ljava/lang/Object;[Ljava/lang/Object;)Ljava/lang/Object;+100 java.base@11.0.6
J 948 c1 jdk.internal.reflect.DelegatingMethodAccessorImpl.invoke(Ljava/lang/Object;[Ljava/lang/Object;)Ljava/lang/Object; java.base@11.0.6 (10 bytes) @ 0x00000201889cc95c [0x00000201889cc860+0x00000000000000fc]
J 947 c1 java.lang.reflect.Method.invoke(Ljava/lang/Object;[Ljava/lang/Object;)Ljava/lang/Object; java.base@11.0.6 (65 bytes) @ 0x00000201889cc34c [0x00000201889cc020+0x000000000000032c]
j  org.eclipse.lsp4j.jsonrpc.services.GenericEndpoint.lambda$null$0(Lorg/eclipse/lsp4j/jsonrpc/services/AnnotationUtil$MethodInfo;Ljava/lang/Object;Ljava/lang/Object;)Ljava/util/concurrent/CompletableFuture;+20
j  org.eclipse.lsp4j.jsonrpc.services.GenericEndpoint$$Lambda$130.apply(Ljava/lang/Object;)Ljava/lang/Object;+13
j  org.eclipse.lsp4j.jsonrpc.services.GenericEndpoint.notify(Ljava/lang/String;Ljava/lang/Object;)V+18
j  org.eclipse.lsp4j.jsonrpc.RemoteEndpoint.handleNotification(Lorg/eclipse/lsp4j/jsonrpc/messages/NotificationMessage;)V+20
j  org.eclipse.lsp4j.jsonrpc.RemoteEndpoint.consume(Lorg/eclipse/lsp4j/jsonrpc/messages/Message;)V+14
j  org.eclipse.lsp4j.jsonrpc.json.StreamMessageProducer.handleMessage(Ljava/io/InputStream;Lorg/eclipse/lsp4j/jsonrpc/json/StreamMessageProducer$Headers;)Z+99
j  org.eclipse.lsp4j.jsonrpc.json.StreamMessageProducer.listen(Lorg/eclipse/lsp4j/jsonrpc/MessageConsumer;)V+158
j  org.eclipse.lsp4j.jsonrpc.json.ConcurrentMessageProcessor.run()V+12
j  java.util.concurrent.Executors$RunnableAdapter.call()Ljava/lang/Object;+4 java.base@11.0.6
j  java.util.concurrent.FutureTask.run()V+39 java.base@11.0.6
j  java.util.concurrent.ThreadPoolExecutor.runWorker(Ljava/util/concurrent/ThreadPoolExecutor$Worker;)V+92 java.base@11.0.6
j  java.util.concurrent.ThreadPoolExecutor$Worker.run()V+5 java.base@11.0.6
j  java.lang.Thread.run()V+11 java.base@11.0.6
v  ~StubRoutines::call_stub

siginfo: EXCEPTION_ACCESS_VIOLATION (0xc0000005), reading address 0x00000000edcde424


Register to memory mapping:

RIP=0x00007fffdecbb750 jvm.dll
RAX=0x000000000000000c is an unknown value
RBX=0x0000000000000764 is an unknown value
RCX=0x0000003b129fd0a0 is pointing into the stack for thread: 0x00000201ffb03000
RDX=0x00007fffdf187778 jvm.dll
RSP=0x0000003b129fd070 is pointing into the stack for thread: 0x00000201ffb03000
RBP=0x00000201ff5e1890 points into unknown readable memory: 00 00 00 00 00 00 00 00
RSI=0x00000201ffabeae0 points into unknown readable memory: 02 00 00 00 63 65 43 72
RDI=0x00000201ffb03000 is a thread
R8 =0x0000000000000764 is an unknown value
R9 =0x0000003b129fcfe0 is pointing into the stack for thread: 0x00000201ffb03000
R10=0x0 is NULL
R11=0x1080000000000006 is an unknown value
R12=0x00000000edcde418 is an unallocated location in the heap
R13=0x00000000000003d8 is an unknown value
R14=0x00000201ff5e18a0 points into unknown readable memory: d4 53 5d ff 01 02 00 00
R15=0x00000201ff5e1c78 points into unknown readable memory: a8 9e 3c 99 00 0f 00 88


Registers:
RAX=0x000000000000000c, RBX=0x0000000000000764, RCX=0x0000003b129fd0a0, RDX=0x00007fffdf187778
RSP=0x0000003b129fd070, RBP=0x00000201ff5e1890, RSI=0x00000201ffabeae0, RDI=0x00000201ffb03000
R8 =0x0000000000000764, R9 =0x0000003b129fcfe0, R10=0x0000000000000000, R11=0x1080000000000006
R12=0x00000000edcde418, R13=0x00000000000003d8, R14=0x00000201ff5e18a0, R15=0x00000201ff5e1c78
RIP=0x00007fffdecbb750, EFLAGS=0x0000000000010202

Top of Stack: (sp=0x0000003b129fd070)
0x0000003b129fd070:   0000000000000764 000000000000007d
0x0000003b129fd080:   0000020197b0ffc0 0000003b129fd088
0x0000003b129fd090:   0000020197aba7a0 0000003b129fd110
0x0000003b129fd0a0:   00007fffdf1f8ee0 0000005000000000
0x0000003b129fd0b0:   0000000000000000 0000000000000000
0x0000003b129fd0c0:   0000000000000000 0000000000000000
0x0000003b129fd0d0:   0000000000000000 0000020197fdd8e0
0x0000003b129fd0e0:   0000000000000000 0000000000000100
0x0000003b129fd0f0:   0000003b129fd200 00007fffdef1e829
0x0000003b129fd100:   00000201ffb03000 0000003b129fd228
0x0000003b129fd110:   000002019977608d 000000000000001b
0x0000003b129fd120:   0000000000000764 00000201882bd657
0x0000003b129fd130:   00000201ffb03000 0000003b129fd1a8
0x0000003b129fd140:   000000000000007d 0000000000000000
0x0000003b129fd150:   00000000edcde418 00000201882bd611
0x0000003b129fd160:   0000003b129fd160 000002019977608d 

Instructions: (pc=0x00007fffdecbb750)
0x00007fffdecbb730:   ca 6c 00 00 48 8d 15 3d c0 4c 00 b9 0c 00 00 00
0x00007fffdecbb740:   b8 10 00 00 00 0f 45 c1 44 8b c3 48 8d 4c 24 30
0x00007fffdecbb750:   46 8b 0c 20 e8 47 d1 2a 00 48 8b 1d f0 2f 70 00
0x00007fffdecbb760:   48 8d 4c 24 30 e8 f6 c1 2a 00 4c 8b cb 48 89 44 


Stack slot to memory mapping:
stack at sp + 0 slots: 0x0000000000000764 is an unknown value
stack at sp + 1 slots: 0x000000000000007d is an unknown value
stack at sp + 2 slots: 0x0000020197b0ffc0 points into unknown readable memory: 00 00 00 00 00 00 00 00
stack at sp + 3 slots: 0x0000003b129fd088 is pointing into the stack for thread: 0x00000201ffb03000
stack at sp + 4 slots: 0x0000020197aba7a0 points into unknown readable memory: c0 ff b0 97 01 02 00 00
stack at sp + 5 slots: 0x0000003b129fd110 is pointing into the stack for thread: 0x00000201ffb03000
stack at sp + 6 slots: 0x00007fffdf1f8ee0 jvm.dll
stack at sp + 7 slots: 0x0000005000000000 is an unknown value


---------------  P R O C E S S  ---------------

Threads class SMR info:
_java_thread_list=0x00000201ff7d5b40, length=21, elements={
0x00000201fb335000, 0x00000201fddb1000, 0x00000201fddb2000, 0x00000201fb40d800,
0x00000201fef62800, 0x00000201fef63000, 0x00000201fef7f800, 0x00000201fef84800,
0x00000201ff08a800, 0x00000201ff1bf000, 0x00000201ff33c000, 0x00000201ff609000,
0x00000201ff5a9000, 0x00000201ff9b9800, 0x000002019792b000, 0x0000020197b13000,
0x0000020197a27000, 0x00000201ffb03000, 0x0000020198109800, 0x00000201ffa36000,
0x00000201a2651000
}

Java Threads: ( => current thread )
  0x00000201fb335000 JavaThread "main" [_thread_blocked, id=5552, stack(0x0000003b11100000,0x0000003b11200000)]
  0x00000201fddb1000 JavaThread "Reference Handler" daemon [_thread_blocked, id=12196, stack(0x0000003b11400000,0x0000003b11500000)]
  0x00000201fddb2000 JavaThread "Finalizer" daemon [_thread_blocked, id=8976, stack(0x0000003b11500000,0x0000003b11600000)]
  0x00000201fb40d800 JavaThread "Signal Dispatcher" daemon [_thread_blocked, id=8284, stack(0x0000003b11600000,0x0000003b11700000)]
  0x00000201fef62800 JavaThread "Attach Listener" daemon [_thread_blocked, id=8388, stack(0x0000003b11700000,0x0000003b11800000)]
  0x00000201fef63000 JavaThread "C2 CompilerThread0" daemon [_thread_blocked, id=5124, stack(0x0000003b11800000,0x0000003b11900000)]
  0x00000201fef7f800 JavaThread "C1 CompilerThread0" daemon [_thread_blocked, id=9212, stack(0x0000003b11900000,0x0000003b11a00000)]
  0x00000201fef84800 JavaThread "Sweeper thread" daemon [_thread_blocked, id=6184, stack(0x0000003b11a00000,0x0000003b11b00000)]
  0x00000201ff08a800 JavaThread "Common-Cleaner" daemon [_thread_blocked, id=7492, stack(0x0000003b11b00000,0x0000003b11c00000)]
  0x00000201ff1bf000 JavaThread "Service Thread" daemon [_thread_blocked, id=10536, stack(0x0000003b11c00000,0x0000003b11d00000)]
  0x00000201ff33c000 JavaThread "Active Thread: Equinox Container: 84eb8d79-982e-4f65-8a6d-010e1032e0ae" [_thread_blocked, id=1968, stack(0x0000003b11f00000,0x0000003b12000000)]
  0x00000201ff609000 JavaThread "Framework Event Dispatcher: Equinox Container: 84eb8d79-982e-4f65-8a6d-010e1032e0ae" daemon [_thread_blocked, id=11840, stack(0x0000003b11e00000,0x0000003b11f00000)]
  0x00000201ff5a9000 JavaThread "Start Level: Equinox Container: 84eb8d79-982e-4f65-8a6d-010e1032e0ae" daemon [_thread_blocked, id=10540, stack(0x0000003b12000000,0x0000003b12100000)]
  0x00000201ff9b9800 JavaThread "SCR Component Actor" daemon [_thread_blocked, id=12520, stack(0x0000003b12100000,0x0000003b12200000)]
  0x000002019792b000 JavaThread "Worker-JM" [_thread_blocked, id=8504, stack(0x0000003b12600000,0x0000003b12700000)]
  0x0000020197b13000 JavaThread "Worker-0" [_thread_blocked, id=7156, stack(0x0000003b12700000,0x0000003b12800000)]
  0x0000020197a27000 JavaThread "Worker-1" [_thread_blocked, id=8240, stack(0x0000003b12800000,0x0000003b12900000)]
=>0x00000201ffb03000 JavaThread "pool-1-thread-1" [_thread_in_vm, id=1936, stack(0x0000003b12900000,0x0000003b12a00000)]
  0x0000020198109800 JavaThread "Worker-2" [_thread_blocked, id=9312, stack(0x0000003b12b00000,0x0000003b12c00000)]
  0x00000201ffa36000 JavaThread "Worker-3" [_thread_blocked, id=5884, stack(0x0000003b12500000,0x0000003b12600000)]
  0x00000201a2651000 JavaThread "C2 CompilerThread1" daemon [_thread_blocked, id=11988, stack(0x0000003b12a00000,0x0000003b12b00000)]

Other Threads:
  0x00000201fb3fc800 VMThread "VM Thread" [stack: 0x0000003b11300000,0x0000003b11400000] [id=13128]
  0x00000201ff1c7000 WatcherThread [stack: 0x0000003b11d00000,0x0000003b11e00000] [id=1652]
  0x00000201fb34a000 GCTaskThread "ParGC Thread#0" [stack: 0x0000003b11200000,0x0000003b11300000] [id=12264]
  0x000002019752d000 GCTaskThread "ParGC Thread#1" [stack: 0x0000003b12200000,0x0000003b12300000] [id=10676]
  0x000002019752d800 GCTaskThread "ParGC Thread#2" [stack: 0x0000003b12300000,0x0000003b12400000] [id=9808]
  0x0000020197532800 GCTaskThread "ParGC Thread#3" [stack: 0x0000003b12400000,0x0000003b12500000] [id=11772]

Threads with active compile tasks:

VM state:not at safepoint (normal execution)

VM Mutex/Monitor currently owned by a thread: None

Heap address: 0x00000000c0000000, size: 1024 MB, Compressed Oops mode: 32-bit
Narrow klass base: 0x0000000000000000, Narrow klass shift: 3
Compressed class space size: 1073741824 Address: 0x0000000100000000

Heap:
 PSYoungGen      total 41984K, used 0K [0x00000000eab00000, 0x00000000eda80000, 0x0000000100000000)
  eden space 40960K, 0% used [0x00000000eab00000,0x00000000eab00000,0x00000000ed300000)
  from space 1024K, 0% used [0x00000000ed480000,0x00000000ed480000,0x00000000ed580000)
  to   space 2048K, 0% used [0x00000000ed880000,0x00000000ed880000,0x00000000eda80000)
 ParOldGen       total 68608K, used 22398K [0x00000000c0000000, 0x00000000c4300000, 0x00000000eab00000)
  object space 68608K, 32% used [0x00000000c0000000,0x00000000c15df8a8,0x00000000c4300000)
 Metaspace       used 33577K, capacity 35185K, committed 35328K, reserved 1081344K
  class space    used 3143K, capacity 3758K, committed 3840K, reserved 1048576K

Card table byte_map: [0x00000201facf0000,0x00000201faf00000] _byte_map_base: 0x00000201fa6f0000

Marking Bits: (ParMarkBitMap*) 0x00007fffdf39fca0
 Begin Bits: [0x00000201fb410000, 0x00000201fc410000)
 End Bits:   [0x00000201fc410000, 0x00000201fd410000)

Polling page: 0x00000201f9170000

Metaspace:

Usage:
  Non-class:     30.69 MB capacity,    29.72 MB ( 97%) used,   925.71 KB (  3%) free+waste,    67.63 KB ( <1%) overhead. 
      Class:      3.67 MB capacity,     3.07 MB ( 84%) used,   582.32 KB ( 15%) free+waste,    31.81 KB ( <1%) overhead. 
       Both:     34.36 MB capacity,    32.79 MB ( 95%) used,     1.47 MB (  4%) free+waste,    99.44 KB ( <1%) overhead. 

Virtual space:
  Non-class space:       32.00 MB reserved,      30.75 MB ( 96%) committed 
      Class space:        1.00 GB reserved,       3.75 MB ( <1%) committed 
             Both:        1.03 GB reserved,      34.50 MB (  3%) committed 

Chunk freelists:
   Non-Class:  7.63 KB
       Class:  2.25 KB
        Both:  9.88 KB

CodeHeap 'non-profiled nmethods': size=120064Kb used=1657Kb max_used=1657Kb free=118406Kb
 bounds [0x000002018fd70000, 0x000002018ffe0000, 0x00000201972b0000]
CodeHeap 'profiled nmethods': size=120000Kb used=7379Kb max_used=7379Kb free=112621Kb
 bounds [0x0000020188840000, 0x0000020188f80000, 0x000002018fd70000]
CodeHeap 'non-nmethods': size=5696Kb used=1192Kb max_used=1221Kb free=4503Kb
 bounds [0x00000201882b0000, 0x0000020188520000, 0x0000020188840000]
 total_blobs=4877 nmethods=3250 adapters=461
 compilation: enabled
              stopped_count=0, restarted_count=0
 full_count=0

Compilation events (10 events):
Event: 13.910 Thread 0x00000201fef63000 nmethod 3501 0x000002018ff0ae10 code [0x000002018ff0afc0, 0x000002018ff0b178]
Event: 13.953 Thread 0x00000201a2651000 nmethod 3500 0x000002018ff0b390 code [0x000002018ff0b5c0, 0x000002018ff0c9b0]
Event: 13.961 Thread 0x00000201fef63000 3506       4       java.lang.ref.Cleaner$1::apply (9 bytes)
Event: 13.961 Thread 0x00000201fef63000 nmethod 3506 0x000002018ff0d510 code [0x000002018ff0d6a0, 0x000002018ff0d738]
Event: 14.072 Thread 0x00000201a2651000 3507   !   4       java.util.zip.Inflater::inflate (418 bytes)
Event: 14.076 Thread 0x00000201fef7f800 3508       3       org.eclipse.jdt.core.compiler.CharOperation::isWhitespace (23 bytes)
Event: 14.076 Thread 0x00000201fef7f800 nmethod 3508 0x0000020188f6c410 code [0x0000020188f6c5c0, 0x0000020188f6c7d8]
Event: 14.076 Thread 0x00000201fef7f800 3509       3       org.eclipse.jdt.internal.compiler.parser.Scanner::internalScanIdentifierOrKeyword (4733 bytes)
Event: 14.082 Thread 0x00000201a2651000 nmethod 3507 0x000002018ff0d810 code [0x000002018ff0d9e0, 0x000002018ff0e138]
Event: 14.557 Thread 0x00000201fef7f800 nmethod 3509 0x0000020188f6c890 code [0x0000020188f6d180, 0x0000020188f77470]

GC Heap History (10 events):
Event: 10.999 GC heap before
{Heap before GC invocations=9 (full 1):
 PSYoungGen      total 30720K, used 30702K [0x00000000eab00000, 0x00000000ed480000, 0x0000000100000000)
  eden space 24064K, 100% used [0x00000000eab00000,0x00000000ec280000,0x00000000ec280000)
  from space 6656K, 99% used [0x00000000ec380000,0x00000000ec9fba80,0x00000000eca00000)
  to   space 9216K, 0% used [0x00000000ecb80000,0x00000000ecb80000,0x00000000ed480000)
 ParOldGen       total 68608K, used 11235K [0x00000000c0000000, 0x00000000c4300000, 0x00000000eab00000)
  object space 68608K, 16% used [0x00000000c0000000,0x00000000c0af8d00,0x00000000c4300000)
 Metaspace       used 31468K, capacity 33117K, committed 33280K, reserved 1079296K
  class space    used 3003K, capacity 3576K, committed 3584K, reserved 1048576K
}
Event: 11.107 GC heap after
{Heap after GC invocations=9 (full 1):
 PSYoungGen      total 34816K, used 7104K [0x00000000eab00000, 0x00000000ee900000, 0x0000000100000000)
  eden space 25600K, 0% used [0x00000000eab00000,0x00000000eab00000,0x00000000ec400000)
  from space 9216K, 77% used [0x00000000ecb80000,0x00000000ed270020,0x00000000ed480000)
  to   space 7680K, 0% used [0x00000000ec400000,0x00000000ec400000,0x00000000ecb80000)
 ParOldGen       total 68608K, used 12991K [0x00000000c0000000, 0x00000000c4300000, 0x00000000eab00000)
  object space 68608K, 18% used [0x00000000c0000000,0x00000000c0cafcb0,0x00000000c4300000)
 Metaspace       used 31468K, capacity 33117K, committed 33280K, reserved 1079296K
  class space    used 3003K, capacity 3576K, committed 3584K, reserved 1048576K
}
Event: 11.159 GC heap before
{Heap before GC invocations=10 (full 1):
 PSYoungGen      total 34816K, used 32704K [0x00000000eab00000, 0x00000000ee900000, 0x0000000100000000)
  eden space 25600K, 100% used [0x00000000eab00000,0x00000000ec400000,0x00000000ec400000)
  from space 9216K, 77% used [0x00000000ecb80000,0x00000000ed270020,0x00000000ed480000)
  to   space 7680K, 0% used [0x00000000ec400000,0x00000000ec400000,0x00000000ecb80000)
 ParOldGen       total 68608K, used 12991K [0x00000000c0000000, 0x00000000c4300000, 0x00000000eab00000)
  object space 68608K, 18% used [0x00000000c0000000,0x00000000c0cafcb0,0x00000000c4300000)
 Metaspace       used 31468K, capacity 33117K, committed 33280K, reserved 1079296K
  class space    used 3003K, capacity 3576K, committed 3584K, reserved 1048576K
}
Event: 11.295 GC heap after
{Heap after GC invocations=10 (full 1):
 PSYoungGen      total 33280K, used 6560K [0x00000000eab00000, 0x00000000ee100000, 0x0000000100000000)
  eden space 25600K, 0% used [0x00000000eab00000,0x00000000eab00000,0x00000000ec400000)
  from space 7680K, 85% used [0x00000000ec400000,0x00000000eca68020,0x00000000ecb80000)
  to   space 7168K, 0% used [0x00000000eda00000,0x00000000eda00000,0x00000000ee100000)
 ParOldGen       total 68608K, used 15735K [0x00000000c0000000, 0x00000000c4300000, 0x00000000eab00000)
  object space 68608K, 22% used [0x00000000c0000000,0x00000000c0f5df68,0x00000000c4300000)
 Metaspace       used 31468K, capacity 33117K, committed 33280K, reserved 1079296K
  class space    used 3003K, capacity 3576K, committed 3584K, reserved 1048576K
}
Event: 13.667 GC heap before
{Heap before GC invocations=11 (full 1):
 PSYoungGen      total 33280K, used 32160K [0x00000000eab00000, 0x00000000ee100000, 0x0000000100000000)
  eden space 25600K, 100% used [0x00000000eab00000,0x00000000ec400000,0x00000000ec400000)
  from space 7680K, 85% used [0x00000000ec400000,0x00000000eca68020,0x00000000ecb80000)
  to   space 7168K, 0% used [0x00000000eda00000,0x00000000eda00000,0x00000000ee100000)
 ParOldGen       total 68608K, used 15735K [0x00000000c0000000, 0x00000000c4300000, 0x00000000eab00000)
  object space 68608K, 22% used [0x00000000c0000000,0x00000000c0f5df68,0x00000000c4300000)
 Metaspace       used 32240K, capacity 33904K, committed 34176K, reserved 1079296K
  class space    used 3058K, capacity 3694K, committed 3712K, reserved 1048576K
}
Event: 13.704 GC heap after
{Heap after GC invocations=11 (full 1):
 PSYoungGen      total 44544K, used 3104K [0x00000000eab00000, 0x00000000edd80000, 0x0000000100000000)
  eden space 40960K, 0% used [0x00000000eab00000,0x00000000eab00000,0x00000000ed300000)
  from space 3584K, 86% used [0x00000000eda00000,0x00000000edd08000,0x00000000edd80000)
  to   space 4608K, 0% used [0x00000000ed480000,0x00000000ed480000,0x00000000ed900000)
 ParOldGen       total 68608K, used 19916K [0x00000000c0000000, 0x00000000c4300000, 0x00000000eab00000)
  object space 68608K, 29% used [0x00000000c0000000,0x00000000c1373358,0x00000000c4300000)
 Metaspace       used 32240K, capacity 33904K, committed 34176K, reserved 1079296K
  class space    used 3058K, capacity 3694K, committed 3712K, reserved 1048576K
}
Event: 14.083 GC heap before
{Heap before GC invocations=12 (full 1):
 PSYoungGen      total 44544K, used 12410K [0x00000000eab00000, 0x00000000edd80000, 0x0000000100000000)
  eden space 40960K, 22% used [0x00000000eab00000,0x00000000eb4168c8,0x00000000ed300000)
  from space 3584K, 86% used [0x00000000eda00000,0x00000000edd08000,0x00000000edd80000)
  to   space 4608K, 0% used [0x00000000ed480000,0x00000000ed480000,0x00000000ed900000)
 ParOldGen       total 68608K, used 19916K [0x00000000c0000000, 0x00000000c4300000, 0x00000000eab00000)
  object space 68608K, 29% used [0x00000000c0000000,0x00000000c1373358,0x00000000c4300000)
 Metaspace       used 33577K, capacity 35185K, committed 35328K, reserved 1081344K
  class space    used 3143K, capacity 3758K, committed 3840K, reserved 1048576K
}
Event: 14.168 GC heap after
{Heap after GC invocations=12 (full 1):
 PSYoungGen      total 41984K, used 805K [0x00000000eab00000, 0x00000000eda80000, 0x0000000100000000)
  eden space 40960K, 0% used [0x00000000eab00000,0x00000000eab00000,0x00000000ed300000)
  from space 1024K, 78% used [0x00000000ed480000,0x00000000ed5494b8,0x00000000ed580000)
  to   space 2048K, 0% used [0x00000000ed880000,0x00000000ed880000,0x00000000eda80000)
 ParOldGen       total 68608K, used 22984K [0x00000000c0000000, 0x00000000c4300000, 0x00000000eab00000)
  object space 68608K, 33% used [0x00000000c0000000,0x00000000c1672140,0x00000000c4300000)
 Metaspace       used 33577K, capacity 35185K, committed 35328K, reserved 1081344K
  class space    used 3143K, capacity 3758K, committed 3840K, reserved 1048576K
}
Event: 14.168 GC heap before
{Heap before GC invocations=13 (full 2):
 PSYoungGen      total 41984K, used 805K [0x00000000eab00000, 0x00000000eda80000, 0x0000000100000000)
  eden space 40960K, 0% used [0x00000000eab00000,0x00000000eab00000,0x00000000ed300000)
  from space 1024K, 78% used [0x00000000ed480000,0x00000000ed5494b8,0x00000000ed580000)
  to   space 2048K, 0% used [0x00000000ed880000,0x00000000ed880000,0x00000000eda80000)
 ParOldGen       total 68608K, used 22984K [0x00000000c0000000, 0x00000000c4300000, 0x00000000eab00000)
  object space 68608K, 33% used [0x00000000c0000000,0x00000000c1672140,0x00000000c4300000)
 Metaspace       used 33577K, capacity 35185K, committed 35328K, reserved 1081344K
  class space    used 3143K, capacity 3758K, committed 3840K, reserved 1048576K
}
Event: 14.548 GC heap after
{Heap after GC invocations=13 (full 2):
 PSYoungGen      total 41984K, used 0K [0x00000000eab00000, 0x00000000eda80000, 0x0000000100000000)
  eden space 40960K, 0% used [0x00000000eab00000,0x00000000eab00000,0x00000000ed300000)
  from space 1024K, 0% used [0x00000000ed480000,0x00000000ed480000,0x00000000ed580000)
  to   space 2048K, 0% used [0x00000000ed880000,0x00000000ed880000,0x00000000eda80000)
 ParOldGen       total 68608K, used 22398K [0x00000000c0000000, 0x00000000c4300000, 0x00000000eab00000)
  object space 68608K, 32% used [0x00000000c0000000,0x00000000c15df8a8,0x00000000c4300000)
 Metaspace       used 33577K, capacity 35185K, committed 35328K, reserved 1081344K
  class space    used 3143K, capacity 3758K, committed 3840K, reserved 1048576K
}

Deoptimization events (10 events):
Event: 10.973 Thread 0x0000020197a27000 Uncommon trap: reason=profile_predicate action=maybe_recompile pc=0x000002018fec42d8 method=org.eclipse.jdt.internal.core.util.HashtableOfArrayToObject.get([Ljava/lang/Object;)Ljava/lang/Object; @ 64 c2
Event: 11.827 Thread 0x00000201ffb03000 Uncommon trap: reason=predicate action=maybe_recompile pc=0x000002018fe16488 method=java.lang.PublicMethods$MethodList.filter([Ljava/lang/reflect/Method;Ljava/lang/String;[Ljava/lang/Class;Z)Ljava/lang/PublicMethods$MethodList; @ 21 c2
Event: 11.874 Thread 0x00000201ffb03000 Uncommon trap: reason=unstable_if action=reinterpret pc=0x000002018febea64 method=java.lang.String.getChars(II[CI)V @ 23 c2
Event: 11.878 Thread 0x00000201ffb03000 Uncommon trap: reason=unstable_if action=reinterpret pc=0x000002018fee3db0 method=java.lang.AbstractStringBuilder.appendChars([CII)V @ 43 c2
Event: 12.004 Thread 0x00000201ffb03000 Uncommon trap: reason=bimorphic_or_optimized_type_check action=maybe_recompile pc=0x000002018fe575dc method=java.util.stream.Sink$ChainedReference.cancellationRequested()Z @ 4 c2
Event: 12.004 Thread 0x00000201ffb03000 Uncommon trap: reason=class_check action=maybe_recompile pc=0x000002018fe60a68 method=java.util.ArrayList$ArrayListSpliterator.tryAdvance(Ljava/util/function/Consumer;)Z @ 48 c2
Event: 12.004 Thread 0x00000201ffb03000 Uncommon trap: reason=bimorphic_or_optimized_type_check action=maybe_recompile pc=0x000002018fe575dc method=java.util.stream.Sink$ChainedReference.cancellationRequested()Z @ 4 c2
Event: 12.348 Thread 0x00000201ffb03000 Uncommon trap: reason=profile_predicate action=maybe_recompile pc=0x000002018fee7324 method=java.util.TreeMap.getEntryUsingComparator(Ljava/lang/Object;)Ljava/util/TreeMap$Entry; @ 19 c2
Event: 13.634 Thread 0x0000020197a27000 Uncommon trap: reason=profile_predicate action=maybe_recompile pc=0x000002018fe41138 method=java.util.Properties.load0(Ljava/util/Properties$LineReader;)V @ 14 c2
Event: 13.881 Thread 0x00000201ffb03000 Uncommon trap: reason=unstable_if action=reinterpret pc=0x000002018ff068b4 method=java.util.Properties$LineReader.readLine()I @ 325 c2

Classes redefined (0 events):
No events

Internal exceptions (10 events):
Event: 12.228 Thread 0x00000201ffb03000 Exception <a 'sun/nio/fs/WindowsException'{0x00000000ebcc57f0}> (0x00000000ebcc57f0) thrown at [t:/workspace/open/src/hotspot/share/prims/jni.cpp, line 615]
Event: 12.229 Thread 0x00000201ffb03000 Exception <a 'sun/nio/fs/WindowsException'{0x00000000ebcc9320}> (0x00000000ebcc9320) thrown at [t:/workspace/open/src/hotspot/share/prims/jni.cpp, line 615]
Event: 12.230 Thread 0x00000201ffb03000 Exception <a 'sun/nio/fs/WindowsException'{0x00000000ebcccda8}> (0x00000000ebcccda8) thrown at [t:/workspace/open/src/hotspot/share/prims/jni.cpp, line 615]
Event: 12.233 Thread 0x00000201ffb03000 Exception <a 'sun/nio/fs/WindowsException'{0x00000000ebcd4b48}> (0x00000000ebcd4b48) thrown at [t:/workspace/open/src/hotspot/share/prims/jni.cpp, line 615]
Event: 12.242 Thread 0x00000201ffb03000 Exception <a 'sun/nio/fs/WindowsException'{0x00000000ebce1e70}> (0x00000000ebce1e70) thrown at [t:/workspace/open/src/hotspot/share/prims/jni.cpp, line 615]
Event: 12.248 Thread 0x00000201ffb03000 Exception <a 'java/io/FileNotFoundException'{0x00000000ebce81c8}> (0x00000000ebce81c8) thrown at [t:/workspace/open/src/hotspot/share/prims/jni.cpp, line 615]
Event: 12.254 Thread 0x00000201ffb03000 Exception <a 'java/io/FileNotFoundException'{0x00000000ebcfabf0}> (0x00000000ebcfabf0) thrown at [t:/workspace/open/src/hotspot/share/prims/jni.cpp, line 615]
Event: 12.257 Thread 0x00000201ffb03000 Exception <a 'sun/nio/fs/WindowsException'{0x00000000ebd02b88}> (0x00000000ebd02b88) thrown at [t:/workspace/open/src/hotspot/share/prims/jni.cpp, line 615]
Event: 12.309 Thread 0x00000201ffb03000 Exception <a 'sun/nio/fs/WindowsException'{0x00000000ebd28f00}> (0x00000000ebd28f00) thrown at [t:/workspace/open/src/hotspot/share/prims/jni.cpp, line 615]
Event: 12.353 Thread 0x00000201ffb03000 Exception <a 'sun/nio/fs/WindowsException'{0x00000000ebd41e88}> (0x00000000ebd41e88) thrown at [t:/workspace/open/src/hotspot/share/prims/jni.cpp, line 615]

Events (10 events):
Event: 13.888 Thread 0x00000201ffb03000 DEOPT PACKING pc=0x0000020188f68cf6 sp=0x0000003b129fc9b0
Event: 13.888 Thread 0x00000201ffb03000 DEOPT UNPACKING pc=0x00000201882d84ce sp=0x0000003b129fbea0 mode 0
Event: 13.889 loading class org/eclipse/jdt/internal/compiler/problem/messages_pt
Event: 13.889 loading class org/eclipse/jdt/internal/compiler/problem/messages_pt done
Event: 13.889 loading class org/eclipse/jdt/internal/compiler/problem/messages_pt_BR
Event: 13.889 loading class org/eclipse/jdt/internal/compiler/problem/messages_pt_BR done
Event: 14.072 Executing VM operation: Deoptimize
Event: 14.072 Executing VM operation: Deoptimize done
Event: 14.083 Executing VM operation: CollectForMetadataAllocation
Event: 14.548 Executing VM operation: CollectForMetadataAllocation done


Dynamic libraries:
0x00007ff7cac00000 - 0x00007ff7cac47000 	C:\Program Files\Java\jdk-11.0.6\bin\java.exe
0x00007ff838ee0000 - 0x00007ff8390d0000 	C:\Windows\SYSTEM32\ntdll.dll
0x00007ff838720000 - 0x00007ff8387d2000 	C:\Windows\System32\KERNEL32.DLL
0x00007ff836600000 - 0x00007ff8368a5000 	C:\Windows\System32\KERNELBASE.dll
0x00007ff838510000 - 0x00007ff8385b3000 	C:\Windows\System32\ADVAPI32.dll
0x00007ff836f90000 - 0x00007ff83702e000 	C:\Windows\System32\msvcrt.dll
0x00007ff838470000 - 0x00007ff838507000 	C:\Windows\System32\sechost.dll
0x00007ff8377a0000 - 0x00007ff8378bf000 	C:\Windows\System32\RPCRT4.dll
0x00007ff838070000 - 0x00007ff838204000 	C:\Windows\System32\USER32.dll
0x00007ff8365d0000 - 0x00007ff8365f1000 	C:\Windows\System32\win32u.dll
0x00007ff8389a0000 - 0x00007ff8389c6000 	C:\Windows\System32\GDI32.dll
0x00007ff836a90000 - 0x00007ff836c28000 	C:\Windows\System32\gdi32full.dll
0x00007ff836c50000 - 0x00007ff836cee000 	C:\Windows\System32\msvcp_win.dll
0x00007ff836940000 - 0x00007ff836a3a000 	C:\Windows\System32\ucrtbase.dll
0x00007ff81fbc0000 - 0x00007ff81fe44000 	C:\Windows\WinSxS\amd64_microsoft.windows.common-controls_6595b64144ccf1df_6.0.18362.1500_none_9e79be6de462295c\COMCTL32.dll
0x00007ff838a30000 - 0x00007ff838d66000 	C:\Windows\System32\combase.dll
0x00007ff8368b0000 - 0x00007ff836931000 	C:\Windows\System32\bcryptPrimitives.dll
0x00007ff834050000 - 0x00007ff83405a000 	C:\Windows\SYSTEM32\VERSION.dll
0x00007ff838290000 - 0x00007ff8382be000 	C:\Windows\System32\IMM32.DLL
0x00007ff82c120000 - 0x00007ff82c136000 	C:\Program Files\Java\jdk-11.0.6\bin\vcruntime140.dll
0x00007ff81e5e0000 - 0x00007ff81e68a000 	C:\Program Files\Java\jdk-11.0.6\bin\msvcp140.dll
0x00007fffde930000 - 0x00007fffdf459000 	C:\Program Files\Java\jdk-11.0.6\bin\server\jvm.dll
0x00007ff838280000 - 0x00007ff838288000 	C:\Windows\System32\PSAPI.DLL
0x00007ff8031e0000 - 0x00007ff8031e9000 	C:\Windows\SYSTEM32\WSOCK32.dll
0x00007ff838400000 - 0x00007ff83846f000 	C:\Windows\System32\WS2_32.dll
0x00007ff832c20000 - 0x00007ff832c44000 	C:\Windows\SYSTEM32\WINMM.dll
0x00007ff832bf0000 - 0x00007ff832c1d000 	C:\Windows\SYSTEM32\WINMMBASE.dll
0x00007ff836a40000 - 0x00007ff836a8a000 	C:\Windows\System32\cfgmgr32.dll
0x00007ff835df0000 - 0x00007ff835e01000 	C:\Windows\System32\kernel.appcore.dll
0x00007ff828bd0000 - 0x00007ff828be1000 	C:\Program Files\Java\jdk-11.0.6\bin\verify.dll
0x00007ff82c950000 - 0x00007ff82cb44000 	C:\Windows\SYSTEM32\DBGHELP.DLL
0x00007ff825000000 - 0x00007ff82502a000 	C:\Windows\SYSTEM32\dbgcore.DLL
0x00007ff828960000 - 0x00007ff828989000 	C:\Program Files\Java\jdk-11.0.6\bin\java.dll
0x00007ff825480000 - 0x00007ff825496000 	C:\Program Files\Java\jdk-11.0.6\bin\zip.dll
0x00007ff832330000 - 0x00007ff83233a000 	C:\Program Files\Java\jdk-11.0.6\bin\jimage.dll
0x00007ff837030000 - 0x00007ff837718000 	C:\Windows\System32\SHELL32.dll
0x00007ff838df0000 - 0x00007ff838e97000 	C:\Windows\System32\shcore.dll
0x00007ff835e50000 - 0x00007ff8365cb000 	C:\Windows\System32\windows.storage.dll
0x00007ff835e30000 - 0x00007ff835e4e000 	C:\Windows\System32\profapi.dll
0x00007ff835da0000 - 0x00007ff835dea000 	C:\Windows\System32\powrprof.dll
0x00007ff835d90000 - 0x00007ff835da0000 	C:\Windows\System32\UMPDC.dll
0x00007ff837b20000 - 0x00007ff837b72000 	C:\Windows\System32\shlwapi.dll
0x00007ff836c30000 - 0x00007ff836c47000 	C:\Windows\System32\cryptsp.dll
0x00007ff825460000 - 0x00007ff825479000 	C:\Program Files\Java\jdk-11.0.6\bin\net.dll
0x00007ff82d340000 - 0x00007ff82d43a000 	C:\Windows\SYSTEM32\WINHTTP.dll
0x00007ff835580000 - 0x00007ff8355e7000 	C:\Windows\system32\mswsock.dll
0x00007ff8253d0000 - 0x00007ff8253e3000 	C:\Program Files\Java\jdk-11.0.6\bin\nio.dll
0x00007ff835110000 - 0x00007ff835143000 	C:\Windows\system32\rsaenh.dll
0x00007ff836e50000 - 0x00007ff836e76000 	C:\Windows\System32\bcrypt.dll
0x00007ff835c80000 - 0x00007ff835ca5000 	C:\Windows\SYSTEM32\USERENV.dll
0x00007ff835700000 - 0x00007ff83570c000 	C:\Windows\SYSTEM32\CRYPTBASE.dll
0x00007ff8352a0000 - 0x00007ff8352da000 	C:\Windows\SYSTEM32\IPHLPAPI.DLL
0x00007ff837720000 - 0x00007ff837728000 	C:\Windows\System32\NSI.dll
0x00007ff82d740000 - 0x00007ff82d756000 	C:\Windows\SYSTEM32\dhcpcsvc6.DLL
0x00007ff82d700000 - 0x00007ff82d71c000 	C:\Windows\SYSTEM32\dhcpcsvc.DLL
0x00007ff8352f0000 - 0x00007ff8353bb000 	C:\Windows\SYSTEM32\DNSAPI.dll
0x00007ff81cfc0000 - 0x00007ff81cfe9000 	C:\Users\leona\AppData\Roaming\Code\User\globalStorage\redhat.java\0.79.2\config_ss_win\org.eclipse.equinox.launcher\org.eclipse.equinox.launcher.win32.win32.x86_64_1.2.200.v20210406-1409\eclipse_11401.dll

dbghelp: loaded successfully - version: 4.0.5 - missing functions: none
symbol engine: initialized successfully - sym options: 0x614 - pdb path: .;C:\Program Files\Java\jdk-11.0.6\bin;C:\Windows\SYSTEM32;C:\Windows\WinSxS\amd64_microsoft.windows.common-controls_6595b64144ccf1df_6.0.18362.1500_none_9e79be6de462295c;C:\Program Files\Java\jdk-11.0.6\bin\server;C:\Users\leona\AppData\Roaming\Code\User\globalStorage\redhat.java\0.79.2\config_ss_win\org.eclipse.equinox.launcher\org.eclipse.equinox.launcher.win32.win32.x86_64_1.2.200.v20210406-1409

VM Arguments:
jvm_args: --add-modules=ALL-SYSTEM --add-opens=java.base/java.util=ALL-UNNAMED --add-opens=java.base/java.lang=ALL-UNNAMED -Declipse.application=org.eclipse.jdt.ls.core.id1 -Dosgi.bundles.defaultStartLevel=4 -Declipse.product=org.eclipse.jdt.ls.core.product -Dfile.encoding=utf8 -DwatchParentProcess=false -XX:+UseParallelGC -XX:GCTimeRatio=4 -XX:AdaptiveSizePolicyWeight=90 -Dsun.zip.disableMemoryMapping=true -Xmx1G -Xms100m -Xverify:none 
java_command: c:\Users\leona\.vscode\extensions\redhat.java-0.79.2\server\plugins\org.eclipse.equinox.launcher_1.6.100.v20201223-0822.jar -configuration c:\Users\leona\AppData\Roaming\Code\User\globalStorage\redhat.java\0.79.2\config_ss_win -data c:\Users\leona\AppData\Roaming\Code\User\workspaceStorage\fb258df94d3d9dab48dbdb05ceae54f7\redhat.java\ss_ws
java_class_path (initial): c:\Users\leona\.vscode\extensions\redhat.java-0.79.2\server\plugins\org.eclipse.equinox.launcher_1.6.100.v20201223-0822.jar
Launcher Type: SUN_STANDARD

[Global flags]
    uintx AdaptiveSizePolicyWeight                 = 90                                        {product} {command line}
     bool BytecodeVerificationLocal                = false                                     {product} {command line}
     bool BytecodeVerificationRemote               = false                                     {product} {command line}
     intx CICompilerCount                          = 3                                         {product} {ergonomic}
    uintx GCTimeRatio                              = 4                                         {product} {command line}
   size_t InitialHeapSize                          = 104857600                                 {product} {command line}
   size_t MaxHeapSize                              = 1073741824                                {product} {command line}
   size_t MaxNewSize                               = 357564416                                 {product} {ergonomic}
   size_t MinHeapDeltaBytes                        = 524288                                    {product} {ergonomic}
   size_t NewSize                                  = 34603008                                  {product} {ergonomic}
    uintx NonNMethodCodeHeapSize                   = 5830732                                {pd product} {ergonomic}
    uintx NonProfiledCodeHeapSize                  = 122913754                              {pd product} {ergonomic}
   size_t OldSize                                  = 70254592                                  {product} {ergonomic}
    uintx ProfiledCodeHeapSize                     = 122913754                              {pd product} {ergonomic}
    uintx ReservedCodeCacheSize                    = 251658240                              {pd product} {ergonomic}
     bool SegmentedCodeCache                       = true                                      {product} {ergonomic}
     bool UseCompressedClassPointers               = true                                 {lp64_product} {ergonomic}
     bool UseCompressedOops                        = true                                 {lp64_product} {ergonomic}
     bool UseLargePagesIndividualAllocation        = false                                  {pd product} {ergonomic}
     bool UseParallelGC                            = true                                      {product} {command line}

Logging:
Log output configuration:
 #0: stdout all=warning uptime,level,tags
 #1: stderr all=off uptime,level,tags

Environment Variables:
PATH=C:\Windows\system32;C:\Windows;C:\Windows\System32\Wbem;C:\Windows\System32\WindowsPowerShell\v1.0\;C:\Windows\System32\OpenSSH\;C:\Program Files\PuTTY\;C:\Program Files\nodejs\;C:\Program Files\Git\cmd;C:\Program Files\Docker\Docker\resources\bin;C:\ProgramData\DockerDesktop\version-bin;C:\Users\leona\AppData\Local\Microsoft\WindowsApps;C:\Users\leona\AppData\Local\Programs\Microsoft VS Code\bin;C:\Users\leona\AppData\Roaming\npm;C:\MinGW\bin;
USERNAME=Leonardo Machado PC
OS=Windows_NT
PROCESSOR_IDENTIFIER=Intel64 Family 6 Model 58 Stepping 9, GenuineIntel



---------------  S Y S T E M  ---------------

OS: Windows 10 , 64 bit Build 18362 (10.0.18362.1500)

CPU:total 4 (initial active 4) (4 cores per cpu, 1 threads per core) family 6 model 58 stepping 9, cmov, cx8, fxsr, mmx, sse, sse2, sse3, ssse3, sse4.1, sse4.2, popcnt, avx, aes, clmul, erms, tsc, tscinvbit, tscinv

Memory: 4k page, system-wide physical 12234M (3556M free)
TotalPageFile size 19402M (AvailPageFile size 6686M)
current process WorkingSet (physical memory assigned to process): 160M, peak: 162M
current process commit charge ("private bytes"): 251M, peak: 256M

vm_info: Java HotSpot(TM) 64-Bit Server VM (11.0.6+8-LTS) for windows-amd64 JRE (11.0.6+8-LTS), built on Dec 11 2019 09:17:57 by "mach5one" with MS VC++ 15.5 (VS2017)

END.
